<?xml version="1.0" encoding="UTF-8"?>
<testng-results skipped="0" failed="0" ignored="0" total="1" passed="1">
  <reporter-output>
  </reporter-output>
  <suite name="Suite" duration-ms="184" started-at="2017-03-21T23:40:55Z" finished-at="2017-03-21T23:40:55Z">
    <groups>
    </groups>
    <test name="Test" duration-ms="184" started-at="2017-03-21T23:40:55Z" finished-at="2017-03-21T23:40:55Z">
      <class name="com.login.test1">
        <test-method status="PASS" signature="login()[pri:0, instance:com.login.test1@5ae9a829]" name="login" duration-ms="87" started-at="2017-03-21T18:40:55Z" finished-at="2017-03-21T18:40:55Z">
          <reporter-output>
          </reporter-output>
        </test-method> <!-- login -->
      </class> <!-- com.login.test1 -->
    </test> <!-- Test -->
  </suite> <!-- Suite -->
</testng-results>
